Using pre-set license
Built from '2020.3/staging' branch; Version is '2020.3.17f1 (a4537701e4ab) revision 10769271'; Using compiler version '192528614'; Build Type 'Release'
OS: 'Windows 10 Home Single Language; OS build 19042.1288; Version 2009; 64bit' Language: 'pt' Physical Memory: 32651 MB
BatchMode: 1, IsHumanControllingUs: 0, StartBugReporterOnCrash: 0, Is64bit: 1, IsPro: 0

COMMAND LINE ARGUMENTS:
C:\Program Files\Unity\Hub\Editor\2020.3.17f1\Editor\Unity.exe
-adb2
-batchMode
-noUpm
-name
AssetImportWorker0
-projectPath
C:/Users/joanr/Desktop/CarGame/TheGreatXRacer
-logFile
Logs/AssetImportWorker0.log
-srvPort
64636
Successfully changed project path to: C:/Users/joanr/Desktop/CarGame/TheGreatXRacer
C:/Users/joanr/Desktop/CarGame/TheGreatXRacer
Using Asset Import Pipeline V2.
Refreshing native plugins compatible for Editor in 103.33 ms, found 3 plugins.
Preloading 0 native plugins for Editor in 0.00 ms.
Initialize engine version: 2020.3.17f1 (a4537701e4ab)
[Subsystems] Discovering subsystems at path C:/Program Files/Unity/Hub/Editor/2020.3.17f1/Editor/Data/Resources/UnitySubsystems
[Subsystems] Discovering subsystems at path C:/Users/joanr/Desktop/CarGame/TheGreatXRacer/Assets
GfxDevice: creating device client; threaded=0
Direct3D:
    Version:  Direct3D 11.0 [level 11.1]
    Renderer: NVIDIA GeForce GTX 1050 (ID=0x1c8d)
    Vendor:   
    VRAM:     4019 MB
    Driver:   25.21.14.1735
Initialize mono
Mono path[0] = 'C:/Program Files/Unity/Hub/Editor/2020.3.17f1/Editor/Data/Managed'
Mono path[1] = 'C:/Program Files/Unity/Hub/Editor/2020.3.17f1/Editor/Data/MonoBleedingEdge/lib/mono/unityjit'
Mono config path = 'C:/Program Files/Unity/Hub/Editor/2020.3.17f1/Editor/Data/MonoBleedingEdge/etc'
Using monoOptions --debugger-agent=transport=dt_socket,embedding=1,server=y,suspend=n,address=127.0.0.1:56968
Begin MonoManager ReloadAssembly
Registering precompiled unity dll's ...
Register platform support module: C:/Program Files/Unity/Hub/Editor/2020.3.17f1/Editor/Data/PlaybackEngines/WindowsStandaloneSupport/UnityEditor.WindowsStandalone.Extensions.dll
Registered in 0.003888 seconds.
Native extension for WindowsStandalone target not found
Refreshing native plugins compatible for Editor in 103.42 ms, found 3 plugins.
Preloading 0 native plugins for Editor in 0.00 ms.
Mono: successfully reloaded assembly
- Completed reload, in  2.124 seconds
Domain Reload Profiling:
	ReloadAssembly (2125ms)
		BeginReloadAssembly (80ms)
			ExecutionOrderSort (0ms)
			DisableScriptedObjects (0ms)
			BackupInstance (0ms)
			ReleaseScriptingObjects (0ms)
			CreateAndSetChildDomain (1ms)
		EndReloadAssembly (932ms)
			LoadAssemblies (77ms)
			RebuildTransferFunctionScriptingTraits (0ms)
			SetupTypeCache (395ms)
			ReleaseScriptCaches (0ms)
			RebuildScriptCaches (73ms)
			SetupLoadedEditorAssemblies (291ms)
				LogAssemblyErrors (0ms)
				InitializePlatformSupportModulesInManaged (9ms)
				SetLoadedEditorAssemblies (0ms)
				RefreshPlugins (104ms)
				BeforeProcessingInitializeOnLoad (14ms)
				ProcessInitializeOnLoadAttributes (122ms)
				ProcessInitializeOnLoadMethodAttributes (42ms)
				AfterProcessingInitializeOnLoad (0ms)
				EditorAssembliesLoaded (0ms)
			ExecutionOrderSort2 (0ms)
			AwakeInstancesAfterBackupRestoration (0ms)
Platform modules already initialized, skipping
Registering precompiled user dll's ...
Registered in 0.011813 seconds.
Begin MonoManager ReloadAssembly
Native extension for WindowsStandalone target not found
Refreshing native plugins compatible for Editor in 339.16 ms, found 3 plugins.
Preloading 0 native plugins for Editor in 0.00 ms.
Mono: successfully reloaded assembly
- Completed reload, in  4.523 seconds
Domain Reload Profiling:
	ReloadAssembly (4526ms)
		BeginReloadAssembly (219ms)
			ExecutionOrderSort (0ms)
			DisableScriptedObjects (7ms)
			BackupInstance (0ms)
			ReleaseScriptingObjects (0ms)
			CreateAndSetChildDomain (26ms)
		EndReloadAssembly (4206ms)
			LoadAssemblies (162ms)
			RebuildTransferFunctionScriptingTraits (0ms)
			SetupTypeCache (819ms)
			ReleaseScriptCaches (1ms)
			RebuildScriptCaches (129ms)
			SetupLoadedEditorAssemblies (2425ms)
				LogAssemblyErrors (0ms)
				InitializePlatformSupportModulesInManaged (7ms)
				SetLoadedEditorAssemblies (0ms)
				RefreshPlugins (339ms)
				BeforeProcessingInitializeOnLoad (299ms)
				ProcessInitializeOnLoadAttributes (1746ms)
				ProcessInitializeOnLoadMethodAttributes (21ms)
				AfterProcessingInitializeOnLoad (13ms)
				EditorAssembliesLoaded (0ms)
			ExecutionOrderSort2 (0ms)
			AwakeInstancesAfterBackupRestoration (21ms)
Platform modules already initialized, skipping
========================================================================
Worker process is ready to serve import requests
Launched and connected shader compiler UnityShaderCompiler.exe after 0.11 seconds
Refreshing native plugins compatible for Editor in 1.20 ms, found 3 plugins.
Preloading 0 native plugins for Editor in 0.00 ms.
Unloading 2761 Unused Serialized files (Serialized files now loaded: 0)
System memory in use before: 141.6 MB.
System memory in use after: 141.7 MB.

Unloading 32 unused Assets to reduce memory usage. Loaded Objects now: 3212.
Total: 5.396200 ms (FindLiveObjects: 0.345500 ms CreateObjectMapping: 0.229600 ms MarkObjects: 4.707900 ms  DeleteObjects: 0.111200 ms)

AssetImportParameters requested are different than current active one (requested -> active):
  custom:framework-win-MediaFoundation: 216162199b28c13a410421893ffa2e32 -> 
  custom:video-decoder-ogg-theora: a1e56fd34408186e4bbccfd4996cb3dc -> 
  custom:container-muxer-webm: aa71ff27fc2769a1b78a27578f13a17b -> 
  custom:container-demuxer-webm: 4f35f7cbe854078d1ac9338744f61a02 -> 
  custom:container-demuxer-ogg: 62fdf1f143b41e24485cea50d1cbac27 -> 
  custom:video-encoder-webm-vp8: eb34c28f22e8b96e1ab97ce403110664 -> 
  custom:video-decoder-webm-vp8: 9c59270c3fd7afecdb556c50c9e8de78 -> 
  custom:audio-decoder-ogg-vorbis: bf7c407c2cedff20999df2af8eb42d56 -> 
  custom:audio-encoder-webm-vorbis: bf7c407c2cedff20999df2af8eb42d56 -> 
========================================================================
Received Import Request.
  path: Assets/Karting/Scenes/Levels/Level_2.unity
  artifactKey: Guid(bc45e0a5379222f4089369f7c15a33c9) Importer(815301076,1909f56bfc062723c751e8b465ee728b)
Start importing Assets/Karting/Scenes/Levels/Level_2.unity using Guid(bc45e0a5379222f4089369f7c15a33c9) Importer(815301076,1909f56bfc062723c751e8b465ee728b)  -> (artifact id: 'e86576084ce7f09d66d99e3d99df2d28') in 0.024051 seconds 
  Import took 0.031399 seconds .

========================================================================
Received Prepare
Refreshing native plugins compatible for Editor in 16.41 ms, found 3 plugins.
Preloading 0 native plugins for Editor in 0.00 ms.
Unloading 24 Unused Serialized files (Serialized files now loaded: 0)
System memory in use before: 82.3 MB.
System memory in use after: 82.5 MB.

Unloading 24 unused Assets to reduce memory usage. Loaded Objects now: 3212.
Total: 6.380500 ms (FindLiveObjects: 0.374900 ms CreateObjectMapping: 0.215100 ms MarkObjects: 5.705400 ms  DeleteObjects: 0.082400 ms)

AssetImportParameters requested are different than current active one (requested -> active):
  custom:framework-win-MediaFoundation: 216162199b28c13a410421893ffa2e32 -> 
  custom:video-decoder-ogg-theora: a1e56fd34408186e4bbccfd4996cb3dc -> 
  custom:container-muxer-webm: aa71ff27fc2769a1b78a27578f13a17b -> 
  custom:container-demuxer-webm: 4f35f7cbe854078d1ac9338744f61a02 -> 
  custom:container-demuxer-ogg: 62fdf1f143b41e24485cea50d1cbac27 -> 
  custom:video-encoder-webm-vp8: eb34c28f22e8b96e1ab97ce403110664 -> 
  custom:video-decoder-webm-vp8: 9c59270c3fd7afecdb556c50c9e8de78 -> 
  custom:audio-decoder-ogg-vorbis: bf7c407c2cedff20999df2af8eb42d56 -> 
  custom:audio-encoder-webm-vorbis: bf7c407c2cedff20999df2af8eb42d56 -> 
========================================================================
Received Prepare
Registering precompiled user dll's ...
Registered in 0.009395 seconds.
Begin MonoManager ReloadAssembly
Native extension for WindowsStandalone target not found
Refreshing native plugins compatible for Editor in 0.80 ms, found 3 plugins.
Preloading 0 native plugins for Editor in 0.00 ms.
Mono: successfully reloaded assembly
- Completed reload, in  1.826 seconds
Domain Reload Profiling:
	ReloadAssembly (1827ms)
		BeginReloadAssembly (298ms)
			ExecutionOrderSort (0ms)
			DisableScriptedObjects (6ms)
			BackupInstance (0ms)
			ReleaseScriptingObjects (0ms)
			CreateAndSetChildDomain (73ms)
		EndReloadAssembly (1436ms)
			LoadAssemblies (207ms)
			RebuildTransferFunctionScriptingTraits (0ms)
			SetupTypeCache (454ms)
			ReleaseScriptCaches (1ms)
			RebuildScriptCaches (58ms)
			SetupLoadedEditorAssemblies (649ms)
				LogAssemblyErrors (0ms)
				InitializePlatformSupportModulesInManaged (6ms)
				SetLoadedEditorAssemblies (1ms)
				RefreshPlugins (1ms)
				BeforeProcessingInitializeOnLoad (99ms)
				ProcessInitializeOnLoadAttributes (526ms)
				ProcessInitializeOnLoadMethodAttributes (6ms)
				AfterProcessingInitializeOnLoad (9ms)
				EditorAssembliesLoaded (0ms)
			ExecutionOrderSort2 (0ms)
			AwakeInstancesAfterBackupRestoration (11ms)
Platform modules already initialized, skipping
Refreshing native plugins compatible for Editor in 0.82 ms, found 3 plugins.
Preloading 0 native plugins for Editor in 0.00 ms.
Unloading 2693 Unused Serialized files (Serialized files now loaded: 0)
System memory in use before: 135.3 MB.
System memory in use after: 135.5 MB.

Unloading 27 unused Assets to reduce memory usage. Loaded Objects now: 3215.
Total: 6.344400 ms (FindLiveObjects: 0.314300 ms CreateObjectMapping: 0.172200 ms MarkObjects: 5.769400 ms  DeleteObjects: 0.086000 ms)

AssetImportParameters requested are different than current active one (requested -> active):
  custom:framework-win-MediaFoundation: 216162199b28c13a410421893ffa2e32 -> 
  custom:video-decoder-ogg-theora: a1e56fd34408186e4bbccfd4996cb3dc -> 
  custom:container-muxer-webm: aa71ff27fc2769a1b78a27578f13a17b -> 
  custom:container-demuxer-webm: 4f35f7cbe854078d1ac9338744f61a02 -> 
  custom:container-demuxer-ogg: 62fdf1f143b41e24485cea50d1cbac27 -> 
  custom:video-encoder-webm-vp8: eb34c28f22e8b96e1ab97ce403110664 -> 
  custom:video-decoder-webm-vp8: 9c59270c3fd7afecdb556c50c9e8de78 -> 
  custom:audio-decoder-ogg-vorbis: bf7c407c2cedff20999df2af8eb42d56 -> 
  custom:audio-encoder-webm-vorbis: bf7c407c2cedff20999df2af8eb42d56 -> 
========================================================================
Received Prepare
Registering precompiled user dll's ...
Registered in 0.009066 seconds.
Begin MonoManager ReloadAssembly
Native extension for WindowsStandalone target not found
Refreshing native plugins compatible for Editor in 0.69 ms, found 3 plugins.
Preloading 0 native plugins for Editor in 0.00 ms.
Mono: successfully reloaded assembly
- Completed reload, in  1.803 seconds
Domain Reload Profiling:
	ReloadAssembly (1804ms)
		BeginReloadAssembly (214ms)
			ExecutionOrderSort (0ms)
			DisableScriptedObjects (6ms)
			BackupInstance (0ms)
			ReleaseScriptingObjects (0ms)
			CreateAndSetChildDomain (75ms)
		EndReloadAssembly (1483ms)
			LoadAssemblies (325ms)
			RebuildTransferFunctionScriptingTraits (0ms)
			SetupTypeCache (413ms)
			ReleaseScriptCaches (2ms)
			RebuildScriptCaches (72ms)
			SetupLoadedEditorAssemblies (544ms)
				LogAssemblyErrors (0ms)
				InitializePlatformSupportModulesInManaged (7ms)
				SetLoadedEditorAssemblies (1ms)
				RefreshPlugins (1ms)
				BeforeProcessingInitializeOnLoad (90ms)
				ProcessInitializeOnLoadAttributes (430ms)
				ProcessInitializeOnLoadMethodAttributes (6ms)
				AfterProcessingInitializeOnLoad (10ms)
				EditorAssembliesLoaded (0ms)
			ExecutionOrderSort2 (0ms)
			AwakeInstancesAfterBackupRestoration (9ms)
Platform modules already initialized, skipping
Refreshing native plugins compatible for Editor in 0.70 ms, found 3 plugins.
Preloading 0 native plugins for Editor in 0.00 ms.
Unloading 2693 Unused Serialized files (Serialized files now loaded: 0)
System memory in use before: 135.4 MB.
System memory in use after: 135.5 MB.

Unloading 27 unused Assets to reduce memory usage. Loaded Objects now: 3218.
Total: 5.179000 ms (FindLiveObjects: 0.255800 ms CreateObjectMapping: 0.129100 ms MarkObjects: 4.685900 ms  DeleteObjects: 0.106500 ms)

AssetImportParameters requested are different than current active one (requested -> active):
  custom:framework-win-MediaFoundation: 216162199b28c13a410421893ffa2e32 -> 
  custom:video-decoder-ogg-theora: a1e56fd34408186e4bbccfd4996cb3dc -> 
  custom:container-muxer-webm: aa71ff27fc2769a1b78a27578f13a17b -> 
  custom:container-demuxer-webm: 4f35f7cbe854078d1ac9338744f61a02 -> 
  custom:container-demuxer-ogg: 62fdf1f143b41e24485cea50d1cbac27 -> 
  custom:video-encoder-webm-vp8: eb34c28f22e8b96e1ab97ce403110664 -> 
  custom:video-decoder-webm-vp8: 9c59270c3fd7afecdb556c50c9e8de78 -> 
  custom:audio-decoder-ogg-vorbis: bf7c407c2cedff20999df2af8eb42d56 -> 
  custom:audio-encoder-webm-vorbis: bf7c407c2cedff20999df2af8eb42d56 -> 
========================================================================
Received Import Request.
  Time since last request: 893.676614 seconds.
  path: Assets/Karting/Scenes/Levels/Level_2.unity
  artifactKey: Guid(bc45e0a5379222f4089369f7c15a33c9) Importer(815301076,1909f56bfc062723c751e8b465ee728b)
Start importing Assets/Karting/Scenes/Levels/Level_2.unity using Guid(bc45e0a5379222f4089369f7c15a33c9) Importer(815301076,1909f56bfc062723c751e8b465ee728b)  -> (artifact id: 'ac4f517b0adfaf8b14f580d328b0b7b8') in 0.022861 seconds 
  Import took 0.048361 seconds .

========================================================================
Received Prepare
Registering precompiled user dll's ...
Registered in 0.010232 seconds.
Begin MonoManager ReloadAssembly
Native extension for WindowsStandalone target not found
Refreshing native plugins compatible for Editor in 0.83 ms, found 3 plugins.
Preloading 0 native plugins for Editor in 0.00 ms.
Mono: successfully reloaded assembly
- Completed reload, in  1.721 seconds
Domain Reload Profiling:
	ReloadAssembly (1721ms)
		BeginReloadAssembly (149ms)
			ExecutionOrderSort (0ms)
			DisableScriptedObjects (5ms)
			BackupInstance (0ms)
			ReleaseScriptingObjects (0ms)
			CreateAndSetChildDomain (50ms)
		EndReloadAssembly (1481ms)
			LoadAssemblies (121ms)
			RebuildTransferFunctionScriptingTraits (0ms)
			SetupTypeCache (504ms)
			ReleaseScriptCaches (1ms)
			RebuildScriptCaches (65ms)
			SetupLoadedEditorAssemblies (623ms)
				LogAssemblyErrors (0ms)
				InitializePlatformSupportModulesInManaged (7ms)
				SetLoadedEditorAssemblies (1ms)
				RefreshPlugins (1ms)
				BeforeProcessingInitializeOnLoad (102ms)
				ProcessInitializeOnLoadAttributes (495ms)
				ProcessInitializeOnLoadMethodAttributes (6ms)
				AfterProcessingInitializeOnLoad (11ms)
				EditorAssembliesLoaded (0ms)
			ExecutionOrderSort2 (0ms)
			AwakeInstancesAfterBackupRestoration (13ms)
Platform modules already initialized, skipping
Refreshing native plugins compatible for Editor in 0.83 ms, found 3 plugins.
Preloading 0 native plugins for Editor in 0.00 ms.
Unloading 2693 Unused Serialized files (Serialized files now loaded: 0)
System memory in use before: 135.4 MB.
System memory in use after: 135.6 MB.

Unloading 27 unused Assets to reduce memory usage. Loaded Objects now: 3221.
Total: 5.611700 ms (FindLiveObjects: 0.470100 ms CreateObjectMapping: 0.323200 ms MarkObjects: 4.727700 ms  DeleteObjects: 0.089500 ms)

AssetImportParameters requested are different than current active one (requested -> active):
  custom:framework-win-MediaFoundation: 216162199b28c13a410421893ffa2e32 -> 
  custom:video-decoder-ogg-theora: a1e56fd34408186e4bbccfd4996cb3dc -> 
  custom:container-muxer-webm: aa71ff27fc2769a1b78a27578f13a17b -> 
  custom:container-demuxer-webm: 4f35f7cbe854078d1ac9338744f61a02 -> 
  custom:container-demuxer-ogg: 62fdf1f143b41e24485cea50d1cbac27 -> 
  custom:video-encoder-webm-vp8: eb34c28f22e8b96e1ab97ce403110664 -> 
  custom:video-decoder-webm-vp8: 9c59270c3fd7afecdb556c50c9e8de78 -> 
  custom:audio-decoder-ogg-vorbis: bf7c407c2cedff20999df2af8eb42d56 -> 
  custom:audio-encoder-webm-vorbis: bf7c407c2cedff20999df2af8eb42d56 -> 
========================================================================
Received Prepare
Registering precompiled user dll's ...
Registered in 0.012636 seconds.
Begin MonoManager ReloadAssembly
Native extension for WindowsStandalone target not found
Refreshing native plugins compatible for Editor in 0.97 ms, found 3 plugins.
Preloading 0 native plugins for Editor in 0.00 ms.
Mono: successfully reloaded assembly
- Completed reload, in  2.222 seconds
Domain Reload Profiling:
	ReloadAssembly (2223ms)
		BeginReloadAssembly (247ms)
			ExecutionOrderSort (0ms)
			DisableScriptedObjects (11ms)
			BackupInstance (0ms)
			ReleaseScriptingObjects (0ms)
			CreateAndSetChildDomain (61ms)
		EndReloadAssembly (1850ms)
			LoadAssemblies (210ms)
			RebuildTransferFunctionScriptingTraits (0ms)
			SetupTypeCache (574ms)
			ReleaseScriptCaches (1ms)
			RebuildScriptCaches (78ms)
			SetupLoadedEditorAssemblies (855ms)
				LogAssemblyErrors (0ms)
				InitializePlatformSupportModulesInManaged (8ms)
				SetLoadedEditorAssemblies (1ms)
				RefreshPlugins (1ms)
				BeforeProcessingInitializeOnLoad (117ms)
				ProcessInitializeOnLoadAttributes (708ms)
				ProcessInitializeOnLoadMethodAttributes (7ms)
				AfterProcessingInitializeOnLoad (13ms)
				EditorAssembliesLoaded (0ms)
			ExecutionOrderSort2 (0ms)
			AwakeInstancesAfterBackupRestoration (15ms)
Platform modules already initialized, skipping
Refreshing native plugins compatible for Editor in 4.15 ms, found 3 plugins.
Preloading 0 native plugins for Editor in 0.00 ms.
Unloading 2693 Unused Serialized files (Serialized files now loaded: 0)
System memory in use before: 135.4 MB.
System memory in use after: 135.6 MB.

Unloading 27 unused Assets to reduce memory usage. Loaded Objects now: 3224.
Total: 6.394200 ms (FindLiveObjects: 0.405900 ms CreateObjectMapping: 0.234200 ms MarkObjects: 5.651400 ms  DeleteObjects: 0.100800 ms)

AssetImportParameters requested are different than current active one (requested -> active):
  custom:framework-win-MediaFoundation: 216162199b28c13a410421893ffa2e32 -> 
  custom:video-decoder-ogg-theora: a1e56fd34408186e4bbccfd4996cb3dc -> 
  custom:container-muxer-webm: aa71ff27fc2769a1b78a27578f13a17b -> 
  custom:container-demuxer-webm: 4f35f7cbe854078d1ac9338744f61a02 -> 
  custom:container-demuxer-ogg: 62fdf1f143b41e24485cea50d1cbac27 -> 
  custom:video-encoder-webm-vp8: eb34c28f22e8b96e1ab97ce403110664 -> 
  custom:video-decoder-webm-vp8: 9c59270c3fd7afecdb556c50c9e8de78 -> 
  custom:audio-decoder-ogg-vorbis: bf7c407c2cedff20999df2af8eb42d56 -> 
  custom:audio-encoder-webm-vorbis: bf7c407c2cedff20999df2af8eb42d56 -> 
========================================================================
Received Prepare
Registering precompiled user dll's ...
Registered in 0.028258 seconds.
Begin MonoManager ReloadAssembly
Native extension for WindowsStandalone target not found
Refreshing native plugins compatible for Editor in 1.87 ms, found 3 plugins.
Preloading 0 native plugins for Editor in 0.00 ms.
Mono: successfully reloaded assembly
- Completed reload, in  5.824 seconds
Domain Reload Profiling:
	ReloadAssembly (5825ms)
		BeginReloadAssembly (504ms)
			ExecutionOrderSort (0ms)
			DisableScriptedObjects (17ms)
			BackupInstance (0ms)
			ReleaseScriptingObjects (0ms)
			CreateAndSetChildDomain (169ms)
		EndReloadAssembly (5009ms)
			LoadAssemblies (557ms)
			RebuildTransferFunctionScriptingTraits (0ms)
			SetupTypeCache (1718ms)
			ReleaseScriptCaches (3ms)
			RebuildScriptCaches (179ms)
			SetupLoadedEditorAssemblies (2081ms)
				LogAssemblyErrors (0ms)
				InitializePlatformSupportModulesInManaged (18ms)
				SetLoadedEditorAssemblies (1ms)
				RefreshPlugins (2ms)
				BeforeProcessingInitializeOnLoad (330ms)
				ProcessInitializeOnLoadAttributes (1680ms)
				ProcessInitializeOnLoadMethodAttributes (15ms)
				AfterProcessingInitializeOnLoad (29ms)
				EditorAssembliesLoaded (5ms)
			ExecutionOrderSort2 (0ms)
			AwakeInstancesAfterBackupRestoration (44ms)
Platform modules already initialized, skipping
Refreshing native plugins compatible for Editor in 1.06 ms, found 3 plugins.
Preloading 0 native plugins for Editor in 0.00 ms.
Unloading 2693 Unused Serialized files (Serialized files now loaded: 0)
System memory in use before: 135.4 MB.
System memory in use after: 135.6 MB.

Unloading 27 unused Assets to reduce memory usage. Loaded Objects now: 3227.
Total: 12.205600 ms (FindLiveObjects: 0.539400 ms CreateObjectMapping: 0.785700 ms MarkObjects: 10.770700 ms  DeleteObjects: 0.107300 ms)

AssetImportParameters requested are different than current active one (requested -> active):
  custom:framework-win-MediaFoundation: 216162199b28c13a410421893ffa2e32 -> 
  custom:video-decoder-ogg-theora: a1e56fd34408186e4bbccfd4996cb3dc -> 
  custom:container-muxer-webm: aa71ff27fc2769a1b78a27578f13a17b -> 
  custom:container-demuxer-webm: 4f35f7cbe854078d1ac9338744f61a02 -> 
  custom:container-demuxer-ogg: 62fdf1f143b41e24485cea50d1cbac27 -> 
  custom:video-encoder-webm-vp8: eb34c28f22e8b96e1ab97ce403110664 -> 
  custom:video-decoder-webm-vp8: 9c59270c3fd7afecdb556c50c9e8de78 -> 
  custom:audio-decoder-ogg-vorbis: bf7c407c2cedff20999df2af8eb42d56 -> 
  custom:audio-encoder-webm-vorbis: bf7c407c2cedff20999df2af8eb42d56 -> 
========================================================================
Received Prepare
Registering precompiled user dll's ...
Registered in 0.010458 seconds.
Begin MonoManager ReloadAssembly
Native extension for WindowsStandalone target not found
Refreshing native plugins compatible for Editor in 0.84 ms, found 3 plugins.
Preloading 0 native plugins for Editor in 0.00 ms.
Mono: successfully reloaded assembly
- Completed reload, in  1.835 seconds
Domain Reload Profiling:
	ReloadAssembly (1836ms)
		BeginReloadAssembly (213ms)
			ExecutionOrderSort (0ms)
			DisableScriptedObjects (5ms)
			BackupInstance (0ms)
			ReleaseScriptingObjects (0ms)
			CreateAndSetChildDomain (58ms)
		EndReloadAssembly (1478ms)
			LoadAssemblies (161ms)
			RebuildTransferFunctionScriptingTraits (0ms)
			SetupTypeCache (418ms)
			ReleaseScriptCaches (1ms)
			RebuildScriptCaches (87ms)
			SetupLoadedEditorAssemblies (690ms)
				LogAssemblyErrors (0ms)
				InitializePlatformSupportModulesInManaged (8ms)
				SetLoadedEditorAssemblies (1ms)
				RefreshPlugins (1ms)
				BeforeProcessingInitializeOnLoad (119ms)
				ProcessInitializeOnLoadAttributes (543ms)
				ProcessInitializeOnLoadMethodAttributes (6ms)
				AfterProcessingInitializeOnLoad (12ms)
				EditorAssembliesLoaded (0ms)
			ExecutionOrderSort2 (0ms)
			AwakeInstancesAfterBackupRestoration (16ms)
Platform modules already initialized, skipping
Refreshing native plugins compatible for Editor in 0.83 ms, found 3 plugins.
Preloading 0 native plugins for Editor in 0.00 ms.
Unloading 2693 Unused Serialized files (Serialized files now loaded: 0)
System memory in use before: 135.5 MB.
System memory in use after: 135.6 MB.

Unloading 27 unused Assets to reduce memory usage. Loaded Objects now: 3230.
Total: 6.854300 ms (FindLiveObjects: 0.387200 ms CreateObjectMapping: 0.270100 ms MarkObjects: 5.783200 ms  DeleteObjects: 0.411800 ms)

AssetImportParameters requested are different than current active one (requested -> active):
  custom:framework-win-MediaFoundation: 216162199b28c13a410421893ffa2e32 -> 
  custom:video-decoder-ogg-theora: a1e56fd34408186e4bbccfd4996cb3dc -> 
  custom:container-muxer-webm: aa71ff27fc2769a1b78a27578f13a17b -> 
  custom:container-demuxer-webm: 4f35f7cbe854078d1ac9338744f61a02 -> 
  custom:container-demuxer-ogg: 62fdf1f143b41e24485cea50d1cbac27 -> 
  custom:video-encoder-webm-vp8: eb34c28f22e8b96e1ab97ce403110664 -> 
  custom:video-decoder-webm-vp8: 9c59270c3fd7afecdb556c50c9e8de78 -> 
  custom:audio-decoder-ogg-vorbis: bf7c407c2cedff20999df2af8eb42d56 -> 
  custom:audio-encoder-webm-vorbis: bf7c407c2cedff20999df2af8eb42d56 -> 
========================================================================
Received Import Request.
  Time since last request: 456.214742 seconds.
  path: Assets/Karting/Scenes/Levels/Level_2.unity
  artifactKey: Guid(bc45e0a5379222f4089369f7c15a33c9) Importer(815301076,1909f56bfc062723c751e8b465ee728b)
Start importing Assets/Karting/Scenes/Levels/Level_2.unity using Guid(bc45e0a5379222f4089369f7c15a33c9) Importer(815301076,1909f56bfc062723c751e8b465ee728b)  -> (artifact id: 'e1a0ac286891ef742ad317035f1d00db') in 0.017070 seconds 
  Import took 0.023511 seconds .

========================================================================
Received Import Request.
  Time since last request: 136.773584 seconds.
  path: Assets/Karting/Scenes/Levels/SelectLevel.unity
  artifactKey: Guid(99bb83e119724c34293c0fd19ce65adf) Importer(815301076,1909f56bfc062723c751e8b465ee728b)
Start importing Assets/Karting/Scenes/Levels/SelectLevel.unity using Guid(99bb83e119724c34293c0fd19ce65adf) Importer(815301076,1909f56bfc062723c751e8b465ee728b)  -> (artifact id: '7aeddc21c28a81864257425d53ea0e24') in 0.005808 seconds 
  Import took 0.037480 seconds .

========================================================================
Received Prepare
Registering precompiled user dll's ...
Registered in 0.021493 seconds.
Begin MonoManager ReloadAssembly
Native extension for WindowsStandalone target not found
Refreshing native plugins compatible for Editor in 2.77 ms, found 3 plugins.
Preloading 0 native plugins for Editor in 0.00 ms.
Mono: successfully reloaded assembly
- Completed reload, in  6.356 seconds
Domain Reload Profiling:
	ReloadAssembly (6358ms)
		BeginReloadAssembly (326ms)
			ExecutionOrderSort (0ms)
			DisableScriptedObjects (14ms)
			BackupInstance (0ms)
			ReleaseScriptingObjects (0ms)
			CreateAndSetChildDomain (98ms)
		EndReloadAssembly (5850ms)
			LoadAssemblies (423ms)
			RebuildTransferFunctionScriptingTraits (0ms)
			SetupTypeCache (1490ms)
			ReleaseScriptCaches (3ms)
			RebuildScriptCaches (325ms)
			SetupLoadedEditorAssemblies (2893ms)
				LogAssemblyErrors (0ms)
				InitializePlatformSupportModulesInManaged (23ms)
				SetLoadedEditorAssemblies (1ms)
				RefreshPlugins (3ms)
				BeforeProcessingInitializeOnLoad (491ms)
				ProcessInitializeOnLoadAttributes (2307ms)
				ProcessInitializeOnLoadMethodAttributes (16ms)
				AfterProcessingInitializeOnLoad (52ms)
				EditorAssembliesLoaded (0ms)
			ExecutionOrderSort2 (0ms)
			AwakeInstancesAfterBackupRestoration (75ms)
Platform modules already initialized, skipping
Refreshing native plugins compatible for Editor in 1.09 ms, found 3 plugins.
Preloading 0 native plugins for Editor in 0.00 ms.
Unloading 2693 Unused Serialized files (Serialized files now loaded: 0)
System memory in use before: 135.5 MB.
System memory in use after: 135.6 MB.

Unloading 27 unused Assets to reduce memory usage. Loaded Objects now: 3233.
Total: 11.183700 ms (FindLiveObjects: 0.358600 ms CreateObjectMapping: 2.916900 ms MarkObjects: 7.321700 ms  DeleteObjects: 0.584200 ms)

AssetImportParameters requested are different than current active one (requested -> active):
  custom:framework-win-MediaFoundation: 216162199b28c13a410421893ffa2e32 -> 
  custom:video-decoder-ogg-theora: a1e56fd34408186e4bbccfd4996cb3dc -> 
  custom:container-muxer-webm: aa71ff27fc2769a1b78a27578f13a17b -> 
  custom:container-demuxer-webm: 4f35f7cbe854078d1ac9338744f61a02 -> 
  custom:container-demuxer-ogg: 62fdf1f143b41e24485cea50d1cbac27 -> 
  custom:video-encoder-webm-vp8: eb34c28f22e8b96e1ab97ce403110664 -> 
  custom:video-decoder-webm-vp8: 9c59270c3fd7afecdb556c50c9e8de78 -> 
  custom:audio-decoder-ogg-vorbis: bf7c407c2cedff20999df2af8eb42d56 -> 
  custom:audio-encoder-webm-vorbis: bf7c407c2cedff20999df2af8eb42d56 -> 
========================================================================
Received Prepare
Registering precompiled user dll's ...
Registered in 0.008338 seconds.
Begin MonoManager ReloadAssembly
Native extension for WindowsStandalone target not found
Refreshing native plugins compatible for Editor in 0.85 ms, found 3 plugins.
Preloading 0 native plugins for Editor in 0.00 ms.
Mono: successfully reloaded assembly
- Completed reload, in  2.018 seconds
Domain Reload Profiling:
	ReloadAssembly (2018ms)
		BeginReloadAssembly (180ms)
			ExecutionOrderSort (0ms)
			DisableScriptedObjects (6ms)
			BackupInstance (0ms)
			ReleaseScriptingObjects (0ms)
			CreateAndSetChildDomain (59ms)
		EndReloadAssembly (1653ms)
			LoadAssemblies (167ms)
			RebuildTransferFunctionScriptingTraits (0ms)
			SetupTypeCache (488ms)
			ReleaseScriptCaches (1ms)
			RebuildScriptCaches (64ms)
			SetupLoadedEditorAssemblies (782ms)
				LogAssemblyErrors (0ms)
				InitializePlatformSupportModulesInManaged (10ms)
				SetLoadedEditorAssemblies (1ms)
				RefreshPlugins (1ms)
				BeforeProcessingInitializeOnLoad (146ms)
				ProcessInitializeOnLoadAttributes (607ms)
				ProcessInitializeOnLoadMethodAttributes (6ms)
				AfterProcessingInitializeOnLoad (11ms)
				EditorAssembliesLoaded (0ms)
			ExecutionOrderSort2 (0ms)
			AwakeInstancesAfterBackupRestoration (18ms)
Platform modules already initialized, skipping
Refreshing native plugins compatible for Editor in 0.82 ms, found 3 plugins.
Preloading 0 native plugins for Editor in 0.00 ms.
Unloading 2693 Unused Serialized files (Serialized files now loaded: 0)
System memory in use before: 135.5 MB.
System memory in use after: 135.6 MB.

Unloading 27 unused Assets to reduce memory usage. Loaded Objects now: 3236.
Total: 4.865900 ms (FindLiveObjects: 0.326600 ms CreateObjectMapping: 0.176200 ms MarkObjects: 4.270200 ms  DeleteObjects: 0.090900 ms)

AssetImportParameters requested are different than current active one (requested -> active):
  custom:framework-win-MediaFoundation: 216162199b28c13a410421893ffa2e32 -> 
  custom:video-decoder-ogg-theora: a1e56fd34408186e4bbccfd4996cb3dc -> 
  custom:container-muxer-webm: aa71ff27fc2769a1b78a27578f13a17b -> 
  custom:container-demuxer-webm: 4f35f7cbe854078d1ac9338744f61a02 -> 
  custom:container-demuxer-ogg: 62fdf1f143b41e24485cea50d1cbac27 -> 
  custom:video-encoder-webm-vp8: eb34c28f22e8b96e1ab97ce403110664 -> 
  custom:video-decoder-webm-vp8: 9c59270c3fd7afecdb556c50c9e8de78 -> 
  custom:audio-decoder-ogg-vorbis: bf7c407c2cedff20999df2af8eb42d56 -> 
  custom:audio-encoder-webm-vorbis: bf7c407c2cedff20999df2af8eb42d56 -> 
========================================================================
Received Prepare
Registering precompiled user dll's ...
Registered in 0.013260 seconds.
Begin MonoManager ReloadAssembly
Native extension for WindowsStandalone target not found
Refreshing native plugins compatible for Editor in 0.84 ms, found 3 plugins.
Preloading 0 native plugins for Editor in 0.00 ms.
Mono: successfully reloaded assembly
- Completed reload, in  1.957 seconds
Domain Reload Profiling:
	ReloadAssembly (1958ms)
		BeginReloadAssembly (186ms)
			ExecutionOrderSort (0ms)
			DisableScriptedObjects (6ms)
			BackupInstance (0ms)
			ReleaseScriptingObjects (0ms)
			CreateAndSetChildDomain (53ms)
		EndReloadAssembly (1499ms)
			LoadAssemblies (156ms)
			RebuildTransferFunctionScriptingTraits (0ms)
			SetupTypeCache (486ms)
			ReleaseScriptCaches (1ms)
			RebuildScriptCaches (66ms)
			SetupLoadedEditorAssemblies (635ms)
				LogAssemblyErrors (0ms)
				InitializePlatformSupportModulesInManaged (7ms)
				SetLoadedEditorAssemblies (1ms)
				RefreshPlugins (1ms)
				BeforeProcessingInitializeOnLoad (109ms)
				ProcessInitializeOnLoadAttributes (499ms)
				ProcessInitializeOnLoadMethodAttributes (6ms)
				AfterProcessingInitializeOnLoad (12ms)
				EditorAssembliesLoaded (0ms)
			ExecutionOrderSort2 (0ms)
			AwakeInstancesAfterBackupRestoration (19ms)
Platform modules already initialized, skipping
Refreshing native plugins compatible for Editor in 0.82 ms, found 3 plugins.
Preloading 0 native plugins for Editor in 0.00 ms.
Unloading 2693 Unused Serialized files (Serialized files now loaded: 0)
System memory in use before: 135.5 MB.
System memory in use after: 135.7 MB.

Unloading 27 unused Assets to reduce memory usage. Loaded Objects now: 3239.
Total: 5.246400 ms (FindLiveObjects: 0.316000 ms CreateObjectMapping: 0.163300 ms MarkObjects: 4.675800 ms  DeleteObjects: 0.090000 ms)

AssetImportParameters requested are different than current active one (requested -> active):
  custom:framework-win-MediaFoundation: 216162199b28c13a410421893ffa2e32 -> 
  custom:video-decoder-ogg-theora: a1e56fd34408186e4bbccfd4996cb3dc -> 
  custom:container-muxer-webm: aa71ff27fc2769a1b78a27578f13a17b -> 
  custom:container-demuxer-webm: 4f35f7cbe854078d1ac9338744f61a02 -> 
  custom:container-demuxer-ogg: 62fdf1f143b41e24485cea50d1cbac27 -> 
  custom:video-encoder-webm-vp8: eb34c28f22e8b96e1ab97ce403110664 -> 
  custom:video-decoder-webm-vp8: 9c59270c3fd7afecdb556c50c9e8de78 -> 
  custom:audio-decoder-ogg-vorbis: bf7c407c2cedff20999df2af8eb42d56 -> 
  custom:audio-encoder-webm-vorbis: bf7c407c2cedff20999df2af8eb42d56 -> 
========================================================================
Received Import Request.
  Time since last request: 7237.829891 seconds.
  path: Assets/Karting/Scenes/Levels/Level_1.unity
  artifactKey: Guid(a233a52abcc33df4eb03335f2e37a648) Importer(815301076,1909f56bfc062723c751e8b465ee728b)
Start importing Assets/Karting/Scenes/Levels/Level_1.unity using Guid(a233a52abcc33df4eb03335f2e37a648) Importer(815301076,1909f56bfc062723c751e8b465ee728b)  -> (artifact id: '97efce44bde959ddef4112dad034af85') in 0.019327 seconds 
  Import took 0.039000 seconds .

========================================================================
Received Prepare
Registering precompiled user dll's ...
Registered in 0.008357 seconds.
Begin MonoManager ReloadAssembly
Native extension for WindowsStandalone target not found
Refreshing native plugins compatible for Editor in 0.84 ms, found 3 plugins.
Preloading 0 native plugins for Editor in 0.00 ms.
Mono: successfully reloaded assembly
- Completed reload, in  1.496 seconds
Domain Reload Profiling:
	ReloadAssembly (1496ms)
		BeginReloadAssembly (142ms)
			ExecutionOrderSort (0ms)
			DisableScriptedObjects (5ms)
			BackupInstance (0ms)
			ReleaseScriptingObjects (0ms)
			CreateAndSetChildDomain (47ms)
		EndReloadAssembly (1276ms)
			LoadAssemblies (130ms)
			RebuildTransferFunctionScriptingTraits (0ms)
			SetupTypeCache (403ms)
			ReleaseScriptCaches (1ms)
			RebuildScriptCaches (52ms)
			SetupLoadedEditorAssemblies (540ms)
				LogAssemblyErrors (0ms)
				InitializePlatformSupportModulesInManaged (6ms)
				SetLoadedEditorAssemblies (1ms)
				RefreshPlugins (1ms)
				BeforeProcessingInitializeOnLoad (84ms)
				ProcessInitializeOnLoadAttributes (432ms)
				ProcessInitializeOnLoadMethodAttributes (6ms)
				AfterProcessingInitializeOnLoad (10ms)
				EditorAssembliesLoaded (0ms)
			ExecutionOrderSort2 (0ms)
			AwakeInstancesAfterBackupRestoration (16ms)
Platform modules already initialized, skipping
Refreshing native plugins compatible for Editor in 0.92 ms, found 3 plugins.
Preloading 0 native plugins for Editor in 0.00 ms.
Unloading 2693 Unused Serialized files (Serialized files now loaded: 0)
System memory in use before: 135.5 MB.
System memory in use after: 135.7 MB.

Unloading 27 unused Assets to reduce memory usage. Loaded Objects now: 3242.
Total: 9.276600 ms (FindLiveObjects: 0.954000 ms CreateObjectMapping: 0.458500 ms MarkObjects: 7.767700 ms  DeleteObjects: 0.094600 ms)

AssetImportParameters requested are different than current active one (requested -> active):
  custom:framework-win-MediaFoundation: 216162199b28c13a410421893ffa2e32 -> 
  custom:video-decoder-ogg-theora: a1e56fd34408186e4bbccfd4996cb3dc -> 
  custom:container-muxer-webm: aa71ff27fc2769a1b78a27578f13a17b -> 
  custom:container-demuxer-webm: 4f35f7cbe854078d1ac9338744f61a02 -> 
  custom:container-demuxer-ogg: 62fdf1f143b41e24485cea50d1cbac27 -> 
  custom:video-encoder-webm-vp8: eb34c28f22e8b96e1ab97ce403110664 -> 
  custom:video-decoder-webm-vp8: 9c59270c3fd7afecdb556c50c9e8de78 -> 
  custom:audio-decoder-ogg-vorbis: bf7c407c2cedff20999df2af8eb42d56 -> 
  custom:audio-encoder-webm-vorbis: bf7c407c2cedff20999df2af8eb42d56 -> 
========================================================================
Received Prepare
Registering precompiled user dll's ...
Registered in 0.011865 seconds.
Begin MonoManager ReloadAssembly
Native extension for WindowsStandalone target not found
Refreshing native plugins compatible for Editor in 100.69 ms, found 3 plugins.
Preloading 0 native plugins for Editor in 0.00 ms.
Mono: successfully reloaded assembly
- Completed reload, in  1.757 seconds
Domain Reload Profiling:
	ReloadAssembly (1757ms)
		BeginReloadAssembly (143ms)
			ExecutionOrderSort (0ms)
			DisableScriptedObjects (5ms)
			BackupInstance (0ms)
			ReleaseScriptingObjects (0ms)
			CreateAndSetChildDomain (47ms)
		EndReloadAssembly (1536ms)
			LoadAssemblies (114ms)
			RebuildTransferFunctionScriptingTraits (0ms)
			SetupTypeCache (401ms)
			ReleaseScriptCaches (1ms)
			RebuildScriptCaches (67ms)
			SetupLoadedEditorAssemblies (741ms)
				LogAssemblyErrors (0ms)
				InitializePlatformSupportModulesInManaged (6ms)
				SetLoadedEditorAssemblies (0ms)
				RefreshPlugins (101ms)
				BeforeProcessingInitializeOnLoad (115ms)
				ProcessInitializeOnLoadAttributes (496ms)
				ProcessInitializeOnLoadMethodAttributes (11ms)
				AfterProcessingInitializeOnLoad (11ms)
				EditorAssembliesLoaded (0ms)
			ExecutionOrderSort2 (0ms)
			AwakeInstancesAfterBackupRestoration (20ms)
Platform modules already initialized, skipping
Refreshing native plugins compatible for Editor in 0.88 ms, found 3 plugins.
Preloading 0 native plugins for Editor in 0.00 ms.
Unloading 2801 Unused Serialized files (Serialized files now loaded: 0)
System memory in use before: 139.0 MB.
System memory in use after: 139.2 MB.

Unloading 27 unused Assets to reduce memory usage. Loaded Objects now: 3353.
Total: 6.044800 ms (FindLiveObjects: 0.344100 ms CreateObjectMapping: 0.199000 ms MarkObjects: 5.412800 ms  DeleteObjects: 0.087500 ms)

AssetImportParameters requested are different than current active one (requested -> active):
  custom:framework-win-MediaFoundation: 216162199b28c13a410421893ffa2e32 -> 
  custom:video-decoder-ogg-theora: a1e56fd34408186e4bbccfd4996cb3dc -> 
  custom:container-muxer-webm: aa71ff27fc2769a1b78a27578f13a17b -> 
  custom:container-demuxer-webm: 4f35f7cbe854078d1ac9338744f61a02 -> 
  custom:container-demuxer-ogg: 62fdf1f143b41e24485cea50d1cbac27 -> 
  custom:video-encoder-webm-vp8: eb34c28f22e8b96e1ab97ce403110664 -> 
  custom:video-decoder-webm-vp8: 9c59270c3fd7afecdb556c50c9e8de78 -> 
  custom:audio-decoder-ogg-vorbis: bf7c407c2cedff20999df2af8eb42d56 -> 
  custom:audio-encoder-webm-vorbis: bf7c407c2cedff20999df2af8eb42d56 -> 
========================================================================
Received Import Request.
  Time since last request: 374.505029 seconds.
  path: Assets/SpaceSkies Free/Demo/Scripts/SkyboxChanger.cs
  artifactKey: Guid(dca6002b33ac5bc48b39588e222296fb) Importer(815301076,1909f56bfc062723c751e8b465ee728b)
Start importing Assets/SpaceSkies Free/Demo/Scripts/SkyboxChanger.cs using Guid(dca6002b33ac5bc48b39588e222296fb) Importer(815301076,1909f56bfc062723c751e8b465ee728b)  -> (artifact id: '7abcbc8c6a39c569c59ff506d6dc60bf') in 5.057460 seconds 
  Import took 5.190925 seconds .

========================================================================
Received Import Request.
  Time since last request: 460.204581 seconds.
  path: Assets/Karting/Art/Materials/Level/Dawn.mat
  artifactKey: Guid(bf8a714d32a46964bbd21cb0fde6dfcb) Importer(815301076,1909f56bfc062723c751e8b465ee728b)
Start importing Assets/Karting/Art/Materials/Level/Dawn.mat using Guid(bf8a714d32a46964bbd21cb0fde6dfcb) Importer(815301076,1909f56bfc062723c751e8b465ee728b)  -> (artifact id: '5d33685386c7f3a04130b6e00c2afc03') in 0.194031 seconds 
  Import took 0.199892 seconds .

========================================================================
Received Prepare
Registering precompiled user dll's ...
Registered in 0.008532 seconds.
Begin MonoManager ReloadAssembly
Native extension for WindowsStandalone target not found
Refreshing native plugins compatible for Editor in 0.73 ms, found 3 plugins.
Preloading 0 native plugins for Editor in 0.00 ms.
Mono: successfully reloaded assembly
- Completed reload, in  1.611 seconds
Domain Reload Profiling:
	ReloadAssembly (1611ms)
		BeginReloadAssembly (141ms)
			ExecutionOrderSort (0ms)
			DisableScriptedObjects (5ms)
			BackupInstance (0ms)
			ReleaseScriptingObjects (0ms)
			CreateAndSetChildDomain (45ms)
		EndReloadAssembly (1392ms)
			LoadAssemblies (176ms)
			RebuildTransferFunctionScriptingTraits (0ms)
			SetupTypeCache (382ms)
			ReleaseScriptCaches (1ms)
			RebuildScriptCaches (52ms)
			SetupLoadedEditorAssemblies (637ms)
				LogAssemblyErrors (0ms)
				InitializePlatformSupportModulesInManaged (6ms)
				SetLoadedEditorAssemblies (1ms)
				RefreshPlugins (1ms)
				BeforeProcessingInitializeOnLoad (103ms)
				ProcessInitializeOnLoadAttributes (503ms)
				ProcessInitializeOnLoadMethodAttributes (12ms)
				AfterProcessingInitializeOnLoad (12ms)
				EditorAssembliesLoaded (0ms)
			ExecutionOrderSort2 (0ms)
			AwakeInstancesAfterBackupRestoration (20ms)
Platform modules already initialized, skipping
Refreshing native plugins compatible for Editor in 0.86 ms, found 3 plugins.
Preloading 0 native plugins for Editor in 0.00 ms.
Unloading 2801 Unused Serialized files (Serialized files now loaded: 0)
System memory in use before: 142.3 MB.
System memory in use after: 142.4 MB.

Unloading 27 unused Assets to reduce memory usage. Loaded Objects now: 3396.
Total: 4.979600 ms (FindLiveObjects: 0.313000 ms CreateObjectMapping: 0.162600 ms MarkObjects: 4.416600 ms  DeleteObjects: 0.085900 ms)

AssetImportParameters requested are different than current active one (requested -> active):
  custom:framework-win-MediaFoundation: 216162199b28c13a410421893ffa2e32 -> 
  custom:video-decoder-ogg-theora: a1e56fd34408186e4bbccfd4996cb3dc -> 
  custom:container-muxer-webm: aa71ff27fc2769a1b78a27578f13a17b -> 
  custom:container-demuxer-webm: 4f35f7cbe854078d1ac9338744f61a02 -> 
  custom:container-demuxer-ogg: 62fdf1f143b41e24485cea50d1cbac27 -> 
  custom:video-encoder-webm-vp8: eb34c28f22e8b96e1ab97ce403110664 -> 
  custom:video-decoder-webm-vp8: 9c59270c3fd7afecdb556c50c9e8de78 -> 
  custom:audio-decoder-ogg-vorbis: bf7c407c2cedff20999df2af8eb42d56 -> 
  custom:audio-encoder-webm-vorbis: bf7c407c2cedff20999df2af8eb42d56 -> 
========================================================================
Received Import Request.
  Time since last request: 176.209035 seconds.
  path: Assets/Karting/Art/Materials/Level/New LightmapParameters.giparams
  artifactKey: Guid(2efc5885ba773f646b548e3636cfb456) Importer(815301076,1909f56bfc062723c751e8b465ee728b)
Start importing Assets/Karting/Art/Materials/Level/New LightmapParameters.giparams using Guid(2efc5885ba773f646b548e3636cfb456) Importer(815301076,1909f56bfc062723c751e8b465ee728b)  -> (artifact id: '8fe9262a079af97a82da49a4caffddae') in 0.021579 seconds 
  Import took 0.027863 seconds .

========================================================================
Received Import Request.
  Time since last request: 36.985349 seconds.
  path: Assets/Karting/Art/Materials/Level/Dawn.mat
  artifactKey: Guid(bf8a714d32a46964bbd21cb0fde6dfcb) Importer(815301076,1909f56bfc062723c751e8b465ee728b)
Start importing Assets/Karting/Art/Materials/Level/Dawn.mat using Guid(bf8a714d32a46964bbd21cb0fde6dfcb) Importer(815301076,1909f56bfc062723c751e8b465ee728b)  -> (artifact id: '747daebfe08c7d239e5e33789a7e76e7') in 0.055869 seconds 
  Import took 0.061406 seconds .

========================================================================
Received Import Request.
  Time since last request: 109.138688 seconds.
  path: Assets/Karting/Art/Materials/Level/Dawn.mat
  artifactKey: Guid(bf8a714d32a46964bbd21cb0fde6dfcb) Importer(815301076,1909f56bfc062723c751e8b465ee728b)
Start importing Assets/Karting/Art/Materials/Level/Dawn.mat using Guid(bf8a714d32a46964bbd21cb0fde6dfcb) Importer(815301076,1909f56bfc062723c751e8b465ee728b)  -> (artifact id: '3e2ad537d57a879f06b3c996fe2222df') in 0.017154 seconds 
  Import took 0.025712 seconds .

========================================================================
Received Import Request.
  Time since last request: 13.382225 seconds.
  path: Assets/Karting/Scenes/Levels/Level_2.unity
  artifactKey: Guid(bc45e0a5379222f4089369f7c15a33c9) Importer(815301076,1909f56bfc062723c751e8b465ee728b)
Start importing Assets/Karting/Scenes/Levels/Level_2.unity using Guid(bc45e0a5379222f4089369f7c15a33c9) Importer(815301076,1909f56bfc062723c751e8b465ee728b)  -> (artifact id: 'cbf74bde6b926bf7e29e1967a7a983fa') in 0.007383 seconds 
  Import took 0.013374 seconds .

========================================================================
Received Import Request.
  Time since last request: 0.003425 seconds.
  path: Assets/Karting/Scenes/Levels/Level_2.unity
  artifactKey: Guid(bc45e0a5379222f4089369f7c15a33c9) Importer(815301076,1909f56bfc062723c751e8b465ee728b)
Start importing Assets/Karting/Scenes/Levels/Level_2.unity using Guid(bc45e0a5379222f4089369f7c15a33c9) Importer(815301076,1909f56bfc062723c751e8b465ee728b)  -> (artifact id: 'cbf74bde6b926bf7e29e1967a7a983fa') in 0.003317 seconds 
  Import took 0.009540 seconds .

========================================================================
Received Import Request.
  Time since last request: 45.318133 seconds.
  path: Assets/Karting/Scenes/Levels/Level_3.unity
  artifactKey: Guid(f2bdd73410b26ab479412cd6f3c0b2ec) Importer(815301076,1909f56bfc062723c751e8b465ee728b)
Start importing Assets/Karting/Scenes/Levels/Level_3.unity using Guid(f2bdd73410b26ab479412cd6f3c0b2ec) Importer(815301076,1909f56bfc062723c751e8b465ee728b)  -> (artifact id: '0c148163e7fdfa6895656a5d15528abb') in 0.004995 seconds 
  Import took 0.039295 seconds .

========================================================================
Received Import Request.
  Time since last request: 1412.306820 seconds.
  path: Assets/Karting/Art/Materials/Level/Mars_Ground_1.mat
  artifactKey: Guid(4c838f17de78157449c3c44c430c2b9a) Importer(815301076,1909f56bfc062723c751e8b465ee728b)
Start importing Assets/Karting/Art/Materials/Level/Mars_Ground_1.mat using Guid(4c838f17de78157449c3c44c430c2b9a) Importer(815301076,1909f56bfc062723c751e8b465ee728b)  -> (artifact id: 'd034a124311d52f399bbc1ba773b81f5') in 0.020662 seconds 
  Import took 0.028855 seconds .

========================================================================
Received Import Request.
  Time since last request: 40.058014 seconds.
  path: Assets/Karting/Art/Materials/Level/Mars_Ground_2.mat
  artifactKey: Guid(67b402d5e6fe80f42843e17b8cbc683b) Importer(815301076,1909f56bfc062723c751e8b465ee728b)
Start importing Assets/Karting/Art/Materials/Level/Mars_Ground_2.mat using Guid(67b402d5e6fe80f42843e17b8cbc683b) Importer(815301076,1909f56bfc062723c751e8b465ee728b)  -> (artifact id: 'e464d79966da458a732d0cd9cdec4b95') in 0.018847 seconds 
  Import took 0.028661 seconds .

========================================================================
Received Import Request.
  Time since last request: 246.399312 seconds.
  path: Assets/AddOns/Mg3D_TilingTextures/Textures
  artifactKey: Guid(4aa168d3bf084084093841ca3e8cb35b) Importer(815301076,1909f56bfc062723c751e8b465ee728b)
Start importing Assets/AddOns/Mg3D_TilingTextures/Textures using Guid(4aa168d3bf084084093841ca3e8cb35b) Importer(815301076,1909f56bfc062723c751e8b465ee728b)  -> (artifact id: 'e095383b9b13d205c123c8cab8c34272') in 0.030009 seconds 
  Import took 0.037676 seconds .

========================================================================
Received Import Request.
  Time since last request: 11.917194 seconds.
  path: Assets/AddOns/Mg3D_TilingTextures/Textures/New Physics Material 2D.physicsMaterial2D
  artifactKey: Guid(358f9cdc263b2154ab55f8fb9d03ca83) Importer(815301076,1909f56bfc062723c751e8b465ee728b)
Start importing Assets/AddOns/Mg3D_TilingTextures/Textures/New Physics Material 2D.physicsMaterial2D using Guid(358f9cdc263b2154ab55f8fb9d03ca83) Importer(815301076,1909f56bfc062723c751e8b465ee728b)  -> (artifact id: '4a01b4f62685992e214548078d68c619') in 0.009738 seconds 
  Import took 0.015835 seconds .

========================================================================
Received Import Request.
  Time since last request: 34.636085 seconds.
  path: Assets/AddOns/Mg3D_TilingTextures/Textures/New Render Texture.renderTexture
  artifactKey: Guid(98a836cab8cb7784cb27b92078590fe2) Importer(815301076,1909f56bfc062723c751e8b465ee728b)
Start importing Assets/AddOns/Mg3D_TilingTextures/Textures/New Render Texture.renderTexture using Guid(98a836cab8cb7784cb27b92078590fe2) Importer(815301076,1909f56bfc062723c751e8b465ee728b)  -> (artifact id: 'fb7a10264d5142193aa91a97a94a439f') in 0.037401 seconds 
  Import took 0.043947 seconds .

========================================================================
Received Import Request.
  Time since last request: 30.548231 seconds.
  path: Assets/AddOns/Mg3D_TilingTextures/Textures/New Terrain Layer.terrainlayer
  artifactKey: Guid(b25de36e44e3b70418609da58101f06e) Importer(815301076,1909f56bfc062723c751e8b465ee728b)
Start importing Assets/AddOns/Mg3D_TilingTextures/Textures/New Terrain Layer.terrainlayer using Guid(b25de36e44e3b70418609da58101f06e) Importer(815301076,1909f56bfc062723c751e8b465ee728b)  -> (artifact id: '8fb508fea0c01f4e368b3744988f98f6') in 0.017575 seconds 
  Import took 0.024366 seconds .

========================================================================
Received Import Request.
  Time since last request: 59.392129 seconds.
  path: Assets/AddOns/Mg3D_TilingTextures/Textures/Material Palette.asset
  artifactKey: Guid(dfa2151771941e3408c07f6f58e26937) Importer(815301076,1909f56bfc062723c751e8b465ee728b)
Start importing Assets/AddOns/Mg3D_TilingTextures/Textures/Material Palette.asset using Guid(dfa2151771941e3408c07f6f58e26937) Importer(815301076,1909f56bfc062723c751e8b465ee728b)  -> (artifact id: 'e2dd575ceed6313e97dd58e7968477f8') in 0.012173 seconds 
  Import took 0.018295 seconds .

========================================================================
Received Import Request.
  Time since last request: 0.237100 seconds.
  path: Assets/AddOns/Mg3D_TilingTextures/Textures/Material Palette.asset
  artifactKey: Guid(dfa2151771941e3408c07f6f58e26937) Importer(815301076,1909f56bfc062723c751e8b465ee728b)
Start importing Assets/AddOns/Mg3D_TilingTextures/Textures/Material Palette.asset using Guid(dfa2151771941e3408c07f6f58e26937) Importer(815301076,1909f56bfc062723c751e8b465ee728b)  -> (artifact id: 'e2dd575ceed6313e97dd58e7968477f8') in 0.010799 seconds 
  Import took 0.026640 seconds .

========================================================================
Received Import Request.
  Time since last request: 508.379165 seconds.
  path: Assets/Karting/Art/Materials/Level/Materials/Planet_Earth Texture.mat
  artifactKey: Guid(28c80382308e4e8469bf4531d9c41bd6) Importer(815301076,1909f56bfc062723c751e8b465ee728b)
Start importing Assets/Karting/Art/Materials/Level/Materials/Planet_Earth Texture.mat using Guid(28c80382308e4e8469bf4531d9c41bd6) Importer(815301076,1909f56bfc062723c751e8b465ee728b)  -> (artifact id: '5a5d5a8c6d707c02dd6898a7f494e759') in 0.064050 seconds 
  Import took 0.071250 seconds .

========================================================================
Received Import Request.
  Time since last request: 0.003327 seconds.
  path: Assets/Karting/Art/Materials/Level/Materials/Planet_Earth Texture.mat
  artifactKey: Guid(28c80382308e4e8469bf4531d9c41bd6) Importer(815301076,1909f56bfc062723c751e8b465ee728b)
Start importing Assets/Karting/Art/Materials/Level/Materials/Planet_Earth Texture.mat using Guid(28c80382308e4e8469bf4531d9c41bd6) Importer(815301076,1909f56bfc062723c751e8b465ee728b)  -> (artifact id: '5a5d5a8c6d707c02dd6898a7f494e759') in 0.018793 seconds 
  Import took 0.025726 seconds .

========================================================================
Received Import Request.
  Time since last request: 58.026785 seconds.
  path: Assets/Karting/Art/Materials/Level/Mars.mat
  artifactKey: Guid(dcdf8e5a2a046e742b59ffd0c359afe0) Importer(815301076,1909f56bfc062723c751e8b465ee728b)
Start importing Assets/Karting/Art/Materials/Level/Mars.mat using Guid(dcdf8e5a2a046e742b59ffd0c359afe0) Importer(815301076,1909f56bfc062723c751e8b465ee728b)  -> (artifact id: '8b0246fde029dd5fba9dde0411adf94a') in 0.016924 seconds 
  Import took 0.023372 seconds .

========================================================================
Received Import Request.
  Time since last request: 70.519535 seconds.
  path: Assets/Assets.index
  artifactKey: Guid(174bb2d8f8e494645963f77d3f759689) Importer(815301076,1909f56bfc062723c751e8b465ee728b)
Start importing Assets/Assets.index using Guid(174bb2d8f8e494645963f77d3f759689) Importer(815301076,1909f56bfc062723c751e8b465ee728b)  -> (artifact id: '511455f97c3ef12d36e4cb11f46df5af') in 0.037293 seconds 
  Import took 0.064265 seconds .

========================================================================
Received Import Request.
  Time since last request: 0.000522 seconds.
  path: Assets/New Terrain 4.asset
  artifactKey: Guid(2dd426bde7848d442abbba13f0fd889a) Importer(815301076,1909f56bfc062723c751e8b465ee728b)
Start importing Assets/New Terrain 4.asset using Guid(2dd426bde7848d442abbba13f0fd889a) Importer(815301076,1909f56bfc062723c751e8b465ee728b)  -> (artifact id: '8963c69a9fdc7389e2513edfa121cc48') in 0.011649 seconds 
  Import took 0.017693 seconds .

========================================================================
Received Import Request.
  Time since last request: 0.000640 seconds.
  path: Assets/Assets.index
  artifactKey: Guid(174bb2d8f8e494645963f77d3f759689) Importer(815301076,1909f56bfc062723c751e8b465ee728b)
Start importing Assets/Assets.index using Guid(174bb2d8f8e494645963f77d3f759689) Importer(815301076,1909f56bfc062723c751e8b465ee728b)  -> (artifact id: '511455f97c3ef12d36e4cb11f46df5af') in 0.010107 seconds 
  Import took 0.017317 seconds .

========================================================================
Received Import Request.
  Time since last request: 0.000609 seconds.
  path: Assets/New Terrain 4.asset
  artifactKey: Guid(2dd426bde7848d442abbba13f0fd889a) Importer(815301076,1909f56bfc062723c751e8b465ee728b)
Start importing Assets/New Terrain 4.asset using Guid(2dd426bde7848d442abbba13f0fd889a) Importer(815301076,1909f56bfc062723c751e8b465ee728b)  -> (artifact id: '8963c69a9fdc7389e2513edfa121cc48') in 0.010277 seconds 
  Import took 0.019957 seconds .

========================================================================
Received Import Request.
  Time since last request: 36.842632 seconds.
  path: Assets/Mars_1.mat
  artifactKey: Guid(c505bcade7aa0cf45a76e5fe18a0473f) Importer(815301076,1909f56bfc062723c751e8b465ee728b)
Start importing Assets/Mars_1.mat using Guid(c505bcade7aa0cf45a76e5fe18a0473f) Importer(815301076,1909f56bfc062723c751e8b465ee728b)  -> (artifact id: '5f8274bb58c5e430034d8c03f74dbc5a') in 0.043857 seconds 
  Import took 0.073933 seconds .

========================================================================
Received Import Request.
  Time since last request: 0.988718 seconds.
  path: Assets/Assets.index
  artifactKey: Guid(174bb2d8f8e494645963f77d3f759689) Importer(815301076,1909f56bfc062723c751e8b465ee728b)
Start importing Assets/Assets.index using Guid(174bb2d8f8e494645963f77d3f759689) Importer(815301076,1909f56bfc062723c751e8b465ee728b)  -> (artifact id: '1f52e4cdfd5a67e8213fa30bfd392d45') in 0.012829 seconds 
  Import took 0.019131 seconds .

========================================================================
Received Import Request.
  Time since last request: 55.968200 seconds.
  path: Assets/Assets.index
  artifactKey: Guid(174bb2d8f8e494645963f77d3f759689) Importer(815301076,1909f56bfc062723c751e8b465ee728b)
Start importing Assets/Assets.index using Guid(174bb2d8f8e494645963f77d3f759689) Importer(815301076,1909f56bfc062723c751e8b465ee728b)  -> (artifact id: '809c5d1673364beb7da9772bf9f94363') in 0.014574 seconds 
  Import took 0.021318 seconds .

========================================================================
Received Import Request.
  Time since last request: 166.692613 seconds.
  path: Assets/Karting/Art/Materials/Level/Mars_1.mat
  artifactKey: Guid(135f93b723ac11d4998ac9fec16536a6) Importer(815301076,1909f56bfc062723c751e8b465ee728b)
Start importing Assets/Karting/Art/Materials/Level/Mars_1.mat using Guid(135f93b723ac11d4998ac9fec16536a6) Importer(815301076,1909f56bfc062723c751e8b465ee728b)  -> (artifact id: 'fddf06801accf4094b0d8710b873deba') in 0.018132 seconds 
  Import took 0.025527 seconds .

========================================================================
Received Import Request.
  Time since last request: 91.708753 seconds.
  path: Assets/Karting/Art/Materials/Level/mars12.jpg
  artifactKey: Guid(7e0b1808d795d8648982e33594bb6e25) Importer(815301076,1909f56bfc062723c751e8b465ee728b)
Start importing Assets/Karting/Art/Materials/Level/mars12.jpg using Guid(7e0b1808d795d8648982e33594bb6e25) Importer(815301076,1909f56bfc062723c751e8b465ee728b)  -> (artifact id: '805a995ff2dd28656d5a5d084d7d0e2d') in 0.163540 seconds 
  Import took 0.172187 seconds .

========================================================================
Received Import Request.
  Time since last request: 0.933524 seconds.
  path: Assets/Karting/Art/Materials/Level/mars12.jpg
  artifactKey: Guid(7e0b1808d795d8648982e33594bb6e25) Importer(815301076,1909f56bfc062723c751e8b465ee728b)
Start importing Assets/Karting/Art/Materials/Level/mars12.jpg using Guid(7e0b1808d795d8648982e33594bb6e25) Importer(815301076,1909f56bfc062723c751e8b465ee728b)  -> (artifact id: '805a995ff2dd28656d5a5d084d7d0e2d') in 0.012412 seconds 
  Import took 0.021137 seconds .

========================================================================
Received Import Request.
  Time since last request: 233.882456 seconds.
  path: Assets/Karting/Art/Materials/Level/NewLayer 3.terrainlayer
  artifactKey: Guid(cf6ac7869894e994882888eabea5e525) Importer(815301076,1909f56bfc062723c751e8b465ee728b)
Start importing Assets/Karting/Art/Materials/Level/NewLayer 3.terrainlayer using Guid(cf6ac7869894e994882888eabea5e525) Importer(815301076,1909f56bfc062723c751e8b465ee728b)  -> (artifact id: '3a76558b1b85cd3d572ac2874e0e5fb6') in 0.009206 seconds 
  Import took 0.016187 seconds .

========================================================================
Received Import Request.
  Time since last request: 302.399123 seconds.
  path: Assets/Karting/Art/Materials/Level/istockphoto-1125281248-612x612.jpg
  artifactKey: Guid(efc7d353abb013c4eabc38f27e64dcfd) Importer(815301076,1909f56bfc062723c751e8b465ee728b)
Start importing Assets/Karting/Art/Materials/Level/istockphoto-1125281248-612x612.jpg using Guid(efc7d353abb013c4eabc38f27e64dcfd) Importer(815301076,1909f56bfc062723c751e8b465ee728b)  -> (artifact id: 'e22981e9a99de0e1b4d7f073848b9738') in 0.027767 seconds 
  Import took 0.038778 seconds .

========================================================================
Received Import Request.
  Time since last request: 2271.485211 seconds.
  path: Assets/Karting/Art/Materials/Level/NewLayer 2.terrainlayer
  artifactKey: Guid(ace0a482e984fcf43971a223b4e2ecd0) Importer(815301076,1909f56bfc062723c751e8b465ee728b)
Start importing Assets/Karting/Art/Materials/Level/NewLayer 2.terrainlayer using Guid(ace0a482e984fcf43971a223b4e2ecd0) Importer(815301076,1909f56bfc062723c751e8b465ee728b)  -> (artifact id: '462f5fad9095cb9757d313e5a43ba977') in 0.026857 seconds 
  Import took 0.034835 seconds .

========================================================================
Received Import Request.
  Time since last request: 0.000417 seconds.
  path: Assets/Karting/Art/Materials/Level/NewLayer 4.terrainlayer
  artifactKey: Guid(6002b8948beebd34a82f7fffb4b0dbd0) Importer(815301076,1909f56bfc062723c751e8b465ee728b)
Start importing Assets/Karting/Art/Materials/Level/NewLayer 4.terrainlayer using Guid(6002b8948beebd34a82f7fffb4b0dbd0) Importer(815301076,1909f56bfc062723c751e8b465ee728b)  -> (artifact id: '642ebd41459b47b428a602b56c7f8f79') in 0.014310 seconds 
  Import took 0.032984 seconds .

========================================================================
Received Import Request.
  Time since last request: 0.000472 seconds.
  path: Assets/Karting/Art/Materials/Level/NewLayer 3.terrainlayer
  artifactKey: Guid(cf6ac7869894e994882888eabea5e525) Importer(815301076,1909f56bfc062723c751e8b465ee728b)
Start importing Assets/Karting/Art/Materials/Level/NewLayer 3.terrainlayer using Guid(cf6ac7869894e994882888eabea5e525) Importer(815301076,1909f56bfc062723c751e8b465ee728b)  -> (artifact id: '60916365961c217a3f00432761a39e40') in 0.016298 seconds 
  Import took 0.022786 seconds .

AssetImportWorkerClient::OnTransportError - code=2 error=End of file
